<?xml version="1.0" encoding="UTF-8"?>
<!-- Generated by org.testng.reporters.JUnitReportReporter -->
<testsuite name="com.pom.test.VerifyHomePageTest" tests="1" time="1.408" ignored="20" failures="0" timestamp="15 Jul 2019 06:48:33 GMT" skipped="0" hostname="ICPL13076" errors="0">
  <testcase name="homePageVerify" time="1.408" classname="com.pom.test.VerifyHomePageTest"/>
  <testcase name="setupSuit" classname="com.qmetry.qaf.automation.testng.TestNGTestCase">
    <skipped/>
  </testcase> <!-- setupSuit -->
  <testcase name="setupSuit" classname="com.qmetry.qaf.automation.testng.TestNGTestCase">
    <skipped/>
  </testcase> <!-- setupSuit -->
  <testcase name="setupSuit" classname="com.qmetry.qaf.automation.testng.TestNGTestCase">
    <skipped/>
  </testcase> <!-- setupSuit -->
  <testcase name="setupSuit" classname="com.qmetry.qaf.automation.testng.TestNGTestCase">
    <skipped/>
  </testcase> <!-- setupSuit -->
  <testcase name="setupSuit" classname="com.qmetry.qaf.automation.testng.TestNGTestCase">
    <skipped/>
  </testcase> <!-- setupSuit -->
  <testcase name="afterSuit" classname="com.qmetry.qaf.automation.testng.TestNGTestCase">
    <skipped/>
  </testcase> <!-- afterSuit -->
  <testcase name="afterSuit" classname="com.qmetry.qaf.automation.testng.TestNGTestCase">
    <skipped/>
  </testcase> <!-- afterSuit -->
  <testcase name="afterSuit" classname="com.qmetry.qaf.automation.testng.TestNGTestCase">
    <skipped/>
  </testcase> <!-- afterSuit -->
  <testcase name="afterSuit" classname="com.qmetry.qaf.automation.testng.TestNGTestCase">
    <skipped/>
  </testcase> <!-- afterSuit -->
  <testcase name="afterSuit" classname="com.qmetry.qaf.automation.testng.TestNGTestCase">
    <skipped/>
  </testcase> <!-- afterSuit -->
  <testcase name="setupTest" classname="com.qmetry.qaf.automation.testng.TestNGTestCase">
    <skipped/>
  </testcase> <!-- setupTest -->
  <testcase name="setupTest" classname="com.qmetry.qaf.automation.testng.TestNGTestCase">
    <skipped/>
  </testcase> <!-- setupTest -->
  <testcase name="setupTest" classname="com.qmetry.qaf.automation.testng.TestNGTestCase">
    <skipped/>
  </testcase> <!-- setupTest -->
  <testcase name="setupTest" classname="com.qmetry.qaf.automation.testng.TestNGTestCase">
    <skipped/>
  </testcase> <!-- setupTest -->
  <testcase name="setupTest" classname="com.qmetry.qaf.automation.testng.TestNGTestCase">
    <skipped/>
  </testcase> <!-- setupTest -->
  <testcase name="afterTest" classname="com.qmetry.qaf.automation.ui.AbstractTestCase">
    <skipped/>
  </testcase> <!-- afterTest -->
  <testcase name="afterTest" classname="com.qmetry.qaf.automation.ui.AbstractTestCase">
    <skipped/>
  </testcase> <!-- afterTest -->
  <testcase name="afterTest" classname="com.qmetry.qaf.automation.ui.AbstractTestCase">
    <skipped/>
  </testcase> <!-- afterTest -->
  <testcase name="afterTest" classname="com.qmetry.qaf.automation.ui.AbstractTestCase">
    <skipped/>
  </testcase> <!-- afterTest -->
  <testcase name="afterTest" classname="com.qmetry.qaf.automation.ui.AbstractTestCase">
    <skipped/>
  </testcase> <!-- afterTest -->
</testsuite> <!-- com.pom.test.VerifyHomePageTest -->
