<?xml version="1.0" encoding="UTF-8"?>
<!-- Generated by org.testng.reporters.JUnitReportReporter -->
<testsuite name="com.qmetry.qaf.automation.step.client.DataDrivenScenario" tests="7" time="1381.182" ignored="1" failures="0" timestamp="28 Aug 2019 05:44:09 GMT" skipped="0" hostname="ICPL13076" errors="0">
  <testcase name="New tour login" time="230.427" classname="com.qmetry.qaf.automation.step.client.DataDrivenScenario"/>
  <testcase name="New tour login" time="224.173" classname="com.qmetry.qaf.automation.step.client.DataDrivenScenario"/>
  <testcase name="New tour login" time="229.452" classname="com.qmetry.qaf.automation.step.client.DataDrivenScenario"/>
  <testcase name="New tour login" time="15.776" classname="com.qmetry.qaf.automation.step.client.DataDrivenScenario"/>
  <testcase name="New tour login" time="220.948" classname="com.qmetry.qaf.automation.step.client.DataDrivenScenario"/>
  <testcase name="New tour login" time="230.869" classname="com.qmetry.qaf.automation.step.client.DataDrivenScenario"/>
  <testcase name="New tour login" time="229.537" classname="com.qmetry.qaf.automation.step.client.DataDrivenScenario"/>
  <testcase name="New tour login" classname="com.qmetry.qaf.automation.step.client.DataDrivenScenario">
    <skipped/>
  </testcase> <!-- New tour login -->
</testsuite> <!-- com.qmetry.qaf.automation.step.client.DataDrivenScenario -->
