<?xml version="1.0" encoding="UTF-8"?>
<!-- Generated by org.testng.reporters.JUnitReportReporter -->
<testsuite name="com.pom.test.RegisterBeanTest" tests="1" time="17.505" ignored="0" failures="0" timestamp="08 Jul 2019 12:11:11 GMT" skipped="0" hostname="ICPL13076" errors="0">
  <testcase name="registerNewUser" time="17.505" classname="com.pom.test.RegisterBeanTest"/>
</testsuite> <!-- com.pom.test.RegisterBeanTest -->
