<?xml version="1.0" encoding="UTF-8"?>
<!-- Generated by org.testng.reporters.JUnitReportReporter -->
<testsuite name="com.pom.test.BookAFlightTest" tests="3" time="602.898" ignored="0" failures="0" timestamp="11 Jul 2019 03:53:21 GMT" skipped="0" hostname="ICPL13076" errors="0">
  <testcase name="book" time="17.649" classname="com.pom.test.BookAFlightTest"/>
  <testcase name="book" time="459.520" classname="com.pom.test.BookAFlightTest"/>
  <testcase name="book" time="125.729" classname="com.pom.test.BookAFlightTest"/>
</testsuite> <!-- com.pom.test.BookAFlightTest -->
