<?xml version="1.0" encoding="UTF-8"?>
<!-- Generated by org.testng.reporters.JUnitReportReporter -->
<testsuite name="com.pom.test.RegisterBeanTest" tests="1" time="9.963" ignored="0" failures="0" timestamp="03 Jul 2019 12:23:59 GMT" skipped="1" hostname="ICPL13076" errors="0">
  <testcase name="registerNewUser" time="9.963" classname="com.pom.test.RegisterBeanTest">
    <skipped/>
  </testcase> <!-- registerNewUser -->
</testsuite> <!-- com.pom.test.RegisterBeanTest -->
