<?xml version="1.0" encoding="UTF-8"?>
<!-- Generated by org.testng.reporters.JUnitReportReporter -->
<testsuite name="com.pom.test.FlightFinderTest" tests="1" time="20.667" ignored="0" failures="0" timestamp="09 Jul 2019 07:09:22 GMT" skipped="0" hostname="ICPL13076" errors="0">
  <testcase name="bookingPage" time="20.667" classname="com.pom.test.FlightFinderTest"/>
</testsuite> <!-- com.pom.test.FlightFinderTest -->
