<?xml version="1.0" encoding="UTF-8"?>
<!-- Generated by org.testng.reporters.JUnitReportReporter -->
<testsuite name="com.pom.test.LogOutTest" tests="1" time="22.361" ignored="0" failures="0" timestamp="02 Jul 2019 11:14:13 GMT" skipped="0" hostname="ICPL13076" errors="0">
  <testcase name="doSignOff" time="22.361" classname="com.pom.test.LogOutTest"/>
</testsuite> <!-- com.pom.test.LogOutTest -->
