<?xml version="1.0" encoding="UTF-8"?>
<!-- Generated by org.testng.reporters.JUnitReportReporter -->
<testsuite name="com.pom.test.InvalidRegisterTest" tests="1" time="9.753" ignored="0" failures="0" timestamp="04 Jul 2019 09:37:42 GMT" skipped="0" hostname="ICPL13076" errors="0">
  <testcase name="invalidRegister" time="9.753" classname="com.pom.test.InvalidRegisterTest"/>
</testsuite> <!-- com.pom.test.InvalidRegisterTest -->
