<?xml version="1.0" encoding="UTF-8"?>
<!-- Generated by org.testng.reporters.JUnitReportReporter -->
<testsuite name="com.pom.test.ContactTest" tests="1" time="10.642" ignored="0" failures="0" timestamp="02 Jul 2019 08:28:04 GMT" skipped="0" hostname="ICPL13076" errors="0">
  <testcase name="ContactButton" time="10.642" classname="com.pom.test.ContactTest"/>
</testsuite> <!-- com.pom.test.ContactTest -->
