<?xml version="1.0" encoding="UTF-8"?>
<!-- Generated by org.testng.reporters.JUnitReportReporter -->
<testsuite name="com.pom.test.SigninInvalidUserNameAndPasswordTest" tests="3" time="10.968" ignored="0" failures="0" timestamp="03 Jul 2019 04:55:38 GMT" skipped="0" hostname="ICPL13076" errors="0">
  <testcase name="testSigin" time="3.264" classname="com.pom.test.SigninInvalidUserNameAndPasswordTest"/>
  <testcase name="testSigin" time="4.939" classname="com.pom.test.SigninInvalidUserNameAndPasswordTest"/>
  <testcase name="testSigin" time="2.765" classname="com.pom.test.SigninInvalidUserNameAndPasswordTest"/>
</testsuite> <!-- com.pom.test.SigninInvalidUserNameAndPasswordTest -->
