<?xml version="1.0" encoding="UTF-8"?>
<!-- Generated by org.testng.reporters.JUnitReportReporter -->
<testsuite name="com.pom.test.ValidationsFieldTest" tests="3" time="794.970" ignored="0" failures="0" timestamp="12 Jul 2019 13:06:32 GMT" skipped="0" hostname="ICPL13076" errors="0">
  <testcase name="validation" time="237.719" classname="com.pom.test.ValidationsFieldTest"/>
  <testcase name="validation" time="539.661" classname="com.pom.test.ValidationsFieldTest"/>
  <testcase name="validation" time="17.590" classname="com.pom.test.ValidationsFieldTest"/>
</testsuite> <!-- com.pom.test.ValidationsFieldTest -->
