<?xml version="1.0" encoding="UTF-8"?>
<!-- Generated by org.testng.reporters.JUnitReportReporter -->
<testsuite name="com.pom.test.QAFLoginTest" tests="1" time="0.054" ignored="0" failures="0" timestamp="01 Jul 2019 06:32:59 GMT" skipped="1" hostname="ICPL13076" errors="0">
  <testcase name="homePage" time="0.054" classname="com.pom.test.QAFLoginTest">
    <skipped/>
  </testcase> <!-- homePage -->
</testsuite> <!-- com.pom.test.QAFLoginTest -->
