<?xml version="1.0" encoding="UTF-8"?>
<!-- Generated by org.testng.reporters.JUnitReportReporter -->
<testsuite name="com.pom.test.BookAFlighFieldTest" tests="3" time="266.930" ignored="0" failures="0" timestamp="18 Jul 2019 04:30:55 GMT" skipped="0" hostname="ICPL13076" errors="0">
  <testcase name="validation" time="124.714" classname="com.pom.test.BookAFlighFieldTest"/>
  <testcase name="validation" time="16.063" classname="com.pom.test.BookAFlighFieldTest"/>
  <testcase name="validation" time="126.153" classname="com.pom.test.BookAFlighFieldTest"/>
</testsuite> <!-- com.pom.test.BookAFlighFieldTest -->
