<?xml version="1.0" encoding="UTF-8"?>
<!-- Generated by org.testng.reporters.JUnitReportReporter -->
<testsuite name="com.pom.test.HomePageTest" tests="1" time="7.666" ignored="0" failures="0" timestamp="17 Jul 2019 08:21:36 GMT" skipped="0" hostname="ICPL13076" errors="0">
  <testcase name="homePage" time="7.666" classname="com.pom.test.HomePageTest"/>
</testsuite> <!-- com.pom.test.HomePageTest -->
