<?xml version="1.0" encoding="UTF-8"?>
<!-- Generated by org.testng.reporters.JUnitReportReporter -->
<testsuite name="com.pom.test.FlightFinderTest" tests="1" time="110.542" ignored="0" failures="0" timestamp="15 Jul 2019 08:19:55 GMT" skipped="0" hostname="ICPL13076" errors="0">
  <testcase name="flights" time="110.542" classname="com.pom.test.FlightFinderTest"/>
</testsuite> <!-- com.pom.test.FlightFinderTest -->
