<?xml version="1.0" encoding="UTF-8"?>
<!-- Generated by org.testng.reporters.JUnitReportReporter -->
<testsuite name="com.pom.test.InvalidRegisterTest" tests="11" time="1031.559" ignored="0" failures="0" timestamp="12 Jul 2019 12:33:22 GMT" skipped="0" hostname="ICPL13076" errors="0">
  <testcase name="invalidRegister" time="105.114" classname="com.pom.test.InvalidRegisterTest"/>
  <testcase name="invalidRegister" time="107.952" classname="com.pom.test.InvalidRegisterTest"/>
  <testcase name="invalidRegister" time="90.299" classname="com.pom.test.InvalidRegisterTest"/>
  <testcase name="invalidRegister" time="92.146" classname="com.pom.test.InvalidRegisterTest"/>
  <testcase name="invalidRegister" time="109.100" classname="com.pom.test.InvalidRegisterTest"/>
  <testcase name="invalidRegister" time="83.130" classname="com.pom.test.InvalidRegisterTest"/>
  <testcase name="invalidRegister" time="104.672" classname="com.pom.test.InvalidRegisterTest"/>
  <testcase name="invalidRegister" time="86.259" classname="com.pom.test.InvalidRegisterTest"/>
  <testcase name="invalidRegister" time="49.458" classname="com.pom.test.InvalidRegisterTest"/>
  <testcase name="invalidRegister" time="102.554" classname="com.pom.test.InvalidRegisterTest"/>
  <testcase name="invalidRegister" time="100.875" classname="com.pom.test.InvalidRegisterTest"/>
</testsuite> <!-- com.pom.test.InvalidRegisterTest -->
