<?xml version="1.0" encoding="UTF-8"?>
<!-- Generated by org.testng.reporters.JUnitReportReporter -->
<testsuite name="com.pom.test.BackToFlightsTest" tests="1" time="82.853" ignored="0" failures="0" timestamp="15 Jul 2019 09:36:28 GMT" skipped="0" hostname="ICPL13076" errors="1">
  <testcase name="backToFlight" time="82.853" classname="com.pom.test.BackToFlightsTest">
    <error/>
  </testcase> <!-- backToFlight -->
</testsuite> <!-- com.pom.test.BackToFlightsTest -->
