<?xml version="1.0" encoding="UTF-8"?>
<!-- Generated by org.testng.reporters.JUnitReportReporter -->
<testsuite name="com.pom.test.PopUpMessageTest" tests="1" time="19.034" ignored="0" failures="0" timestamp="12 Jul 2019 13:51:21 GMT" skipped="0" hostname="ICPL13076" errors="0">
  <testcase name="popUp" time="19.034" classname="com.pom.test.PopUpMessageTest"/>
</testsuite> <!-- com.pom.test.PopUpMessageTest -->
