<?xml version="1.0" encoding="UTF-8"?>
<!-- Generated by org.testng.reporters.JUnitReportReporter -->
<testsuite name="com.pom.test.CardFieldTest" tests="4" time="490.179" ignored="0" failures="0" timestamp="18 Jul 2019 04:13:13 GMT" skipped="0" hostname="ICPL13076" errors="0">
  <testcase name="cardField" time="124.034" classname="com.pom.test.CardFieldTest"/>
  <testcase name="cardField" time="140.215" classname="com.pom.test.CardFieldTest"/>
  <testcase name="cardField" time="21.387" classname="com.pom.test.CardFieldTest"/>
  <testcase name="cardField" time="204.543" classname="com.pom.test.CardFieldTest"/>
</testsuite> <!-- com.pom.test.CardFieldTest -->
