<?xml version="1.0" encoding="UTF-8"?>
<!-- Generated by org.testng.reporters.JUnitReportReporter -->
<testsuite name="com.pom.test.RegisterBeanTest" tests="1" time="72.712" ignored="0" failures="0" timestamp="18 Jul 2019 05:02:36 GMT" skipped="0" hostname="ICPL13076" errors="0">
  <testcase name="registerNewUser" time="72.712" classname="com.pom.test.RegisterBeanTest"/>
</testsuite> <!-- com.pom.test.RegisterBeanTest -->
