<?xml version="1.0" encoding="UTF-8"?>
<!-- Generated by org.testng.reporters.JUnitReportReporter -->
<testsuite name="com.pom.test.SigninInvalidUserNameAndPasswordTest" tests="3" time="30.024" ignored="0" failures="0" timestamp="04 Jul 2019 06:50:28 GMT" skipped="0" hostname="ICPL13076" errors="0">
  <testcase name="testSigin" time="15.234" classname="com.pom.test.SigninInvalidUserNameAndPasswordTest"/>
  <testcase name="testSigin" time="10.438" classname="com.pom.test.SigninInvalidUserNameAndPasswordTest"/>
  <testcase name="testSigin" time="4.352" classname="com.pom.test.SigninInvalidUserNameAndPasswordTest"/>
</testsuite> <!-- com.pom.test.SigninInvalidUserNameAndPasswordTest -->
