<?xml version="1.0" encoding="UTF-8"?>
<!-- Generated by org.testng.reporters.JUnitReportReporter -->
<testsuite name="com.pom.test.InvalidSigninTest" tests="3" time="10.800" ignored="0" failures="0" timestamp="04 Jul 2019 07:08:25 GMT" skipped="0" hostname="ICPL13076" errors="0">
  <testcase name="testSigin" time="4.740" classname="com.pom.test.InvalidSigninTest"/>
  <testcase name="testSigin" time="3.355" classname="com.pom.test.InvalidSigninTest"/>
  <testcase name="testSigin" time="2.705" classname="com.pom.test.InvalidSigninTest"/>
</testsuite> <!-- com.pom.test.InvalidSigninTest -->
