<?xml version="1.0" encoding="UTF-8"?>
<!-- Generated by org.testng.reporters.JUnitReportReporter -->
<testsuite name="com.pom.test.FlightsTest" tests="3" time="377.816" ignored="0" failures="0" timestamp="11 Jul 2019 05:30:54 GMT" skipped="0" hostname="ICPL13076" errors="0">
  <testcase name="QAfFlight" time="220.680" classname="com.pom.test.FlightsTest"/>
  <testcase name="QAfFlight" time="11.008" classname="com.pom.test.FlightsTest"/>
  <testcase name="QAfFlight" time="146.128" classname="com.pom.test.FlightsTest"/>
</testsuite> <!-- com.pom.test.FlightsTest -->
