<?xml version="1.0" encoding="UTF-8"?>
<!-- Generated by org.testng.reporters.JUnitReportReporter -->
<testsuite name="com.pom.test.FlightFinderTest1" tests="1" time="91.387" ignored="0" failures="0" timestamp="09 Jul 2019 06:08:54 GMT" skipped="0" hostname="ICPL13076" errors="0">
  <testcase name="flightFinderPage" time="91.387" classname="com.pom.test.FlightFinderTest1"/>
</testsuite> <!-- com.pom.test.FlightFinderTest1 -->
