<?xml version="1.0" encoding="UTF-8"?>
<!-- Generated by org.testng.reporters.JUnitReportReporter -->
<testsuite name="com.pom.test.InvalidSignin" tests="1" time="0.000" ignored="0" failures="0" timestamp="04 Jul 2019 07:02:33 GMT" skipped="1" hostname="ICPL13076" errors="0">
  <testcase name="testSigin" time="0.000" classname="com.pom.test.InvalidSignin">
    <skipped/>
  </testcase> <!-- testSigin -->
</testsuite> <!-- com.pom.test.InvalidSignin -->
