<?xml version="1.0" encoding="UTF-8"?>
<!-- Generated by org.testng.reporters.JUnitReportReporter -->
<testsuite name="com.pom.test.BookAFlightTest" tests="3" time="269.743" ignored="0" failures="0" timestamp="11 Jul 2019 04:00:48 GMT" skipped="0" hostname="ICPL13076" errors="0">
  <testcase name="book" time="127.099" classname="com.pom.test.BookAFlightTest"/>
  <testcase name="book" time="126.598" classname="com.pom.test.BookAFlightTest"/>
  <testcase name="book" time="16.046" classname="com.pom.test.BookAFlightTest"/>
</testsuite> <!-- com.pom.test.BookAFlightTest -->
