<?xml version="1.0" encoding="UTF-8"?>
<!-- Generated by org.testng.reporters.JUnitReportReporter -->
<testsuite name="com.pom.test.BookFlightTest" tests="1" time="37.670" ignored="0" failures="0" timestamp="15 Jul 2019 09:38:51 GMT" skipped="0" hostname="ICPL13076" errors="0">
  <testcase name="flightFinderPage" time="37.670" classname="com.pom.test.BookFlightTest"/>
</testsuite> <!-- com.pom.test.BookFlightTest -->
