<?xml version="1.0" encoding="UTF-8"?>
<!-- Generated by org.testng.reporters.JUnitReportReporter -->
<testsuite name="com.pom.test.LogOutTest" tests="1" time="82.921" ignored="0" failures="0" timestamp="17 Jul 2019 09:29:50 GMT" skipped="0" hostname="ICPL13076" errors="0">
  <testcase name="logOut" time="82.921" classname="com.pom.test.LogOutTest"/>
</testsuite> <!-- com.pom.test.LogOutTest -->
