<?xml version="1.0" encoding="UTF-8"?>
<!-- Generated by org.testng.reporters.JUnitReportReporter -->
<testsuite name="com.pom.test.ContactTest" tests="1" time="18.651" ignored="0" failures="0" timestamp="17 Jul 2019 11:42:48 GMT" skipped="0" hostname="ICPL13076" errors="0">
  <testcase name="clickContact" time="18.651" classname="com.pom.test.ContactTest"/>
</testsuite> <!-- com.pom.test.ContactTest -->
