<?xml version="1.0" encoding="UTF-8"?>
<!-- Generated by org.testng.reporters.JUnitReportReporter -->
<testsuite name="com.pom.test.ExpirationDateFieldTest" tests="3" time="270.676" ignored="0" failures="0" timestamp="11 Jul 2019 04:07:15 GMT" skipped="0" hostname="ICPL13076" errors="0">
  <testcase name="expirationDF" time="126.119" classname="com.pom.test.ExpirationDateFieldTest"/>
  <testcase name="expirationDF" time="15.751" classname="com.pom.test.ExpirationDateFieldTest"/>
  <testcase name="expirationDF" time="128.806" classname="com.pom.test.ExpirationDateFieldTest"/>
</testsuite> <!-- com.pom.test.ExpirationDateFieldTest -->
