<?xml version="1.0" encoding="UTF-8"?>
<!-- Generated by org.testng.reporters.JUnitReportReporter -->
<testsuite name="com.pom.test.SigninInvalidUserNameAndPasswordTest" tests="3" time="6.254" ignored="0" failures="0" timestamp="02 Jul 2019 12:04:50 GMT" skipped="0" hostname="ICPL13076" errors="0">
  <testcase name="testSigin" time="0.928" classname="com.pom.test.SigninInvalidUserNameAndPasswordTest"/>
  <testcase name="testSigin" time="4.442" classname="com.pom.test.SigninInvalidUserNameAndPasswordTest"/>
  <testcase name="testSigin" time="0.884" classname="com.pom.test.SigninInvalidUserNameAndPasswordTest"/>
</testsuite> <!-- com.pom.test.SigninInvalidUserNameAndPasswordTest -->
