<?xml version="1.0" encoding="UTF-8"?>
<!-- Generated by org.testng.reporters.JUnitReportReporter -->
<testsuite name="com.pom.test.SigninTest" tests="1" time="2.526" ignored="0" failures="0" timestamp="02 Jul 2019 12:22:06 GMT" skipped="0" hostname="ICPL13076" errors="0">
  <testcase name="testSigin" time="2.526" classname="com.pom.test.SigninTest"/>
</testsuite> <!-- com.pom.test.SigninTest -->
