<?xml version="1.0" encoding="UTF-8"?>
<!-- Generated by org.testng.reporters.JUnitReportReporter -->
<testsuite name="com.pom.test.PopUpMessageTest" tests="1" time="44.572" ignored="0" failures="0" timestamp="11 Jul 2019 08:55:03 GMT" skipped="0" hostname="ICPL13076" errors="0">
  <testcase name="popUp" time="44.572" classname="com.pom.test.PopUpMessageTest"/>
</testsuite> <!-- com.pom.test.PopUpMessageTest -->
