<?xml version="1.0" encoding="UTF-8"?>
<!-- Generated by org.testng.reporters.JUnitReportReporter -->
<testsuite name="com.qmetry.qaf.automation.step.client.Scenario" tests="1" time="8.372" ignored="0" failures="0" timestamp="29 Jul 2019 11:21:51 GMT" skipped="1" hostname="ICPL13076" errors="0">
  <testcase name="SampleTest" time="8.372" classname="com.qmetry.qaf.automation.step.client.Scenario">
    <skipped/>
  </testcase> <!-- SampleTest -->
</testsuite> <!-- com.qmetry.qaf.automation.step.client.Scenario -->
