<?xml version="1.0" encoding="UTF-8"?>
<!-- Generated by org.testng.reporters.JUnitReportReporter -->
<testsuite name="com.pom.test.SigninInvalidUserNameAndPasswordTest" tests="3" time="0.034" ignored="0" failures="0" timestamp="02 Jul 2019 12:03:48 GMT" skipped="0" hostname="ICPL13076" errors="0">
  <testcase name="testSigin" time="0.001" classname="com.pom.test.SigninInvalidUserNameAndPasswordTest"/>
  <testcase name="testSigin" time="0.032" classname="com.pom.test.SigninInvalidUserNameAndPasswordTest"/>
  <testcase name="testSigin" time="0.001" classname="com.pom.test.SigninInvalidUserNameAndPasswordTest"/>
</testsuite> <!-- com.pom.test.SigninInvalidUserNameAndPasswordTest -->
